2020-04-08 10:47:36.732 INFO [main] [com.stepdefinition.CrosswordDefinition_Books] [launchApp] [com.baseclass.Library.launchApp(Library.java:33)] - Path copied from configuration property file
2020-04-08 10:47:45.529 INFO [main] [com.stepdefinition.CrosswordDefinition_Books] [launchApp] [com.baseclass.Library.launchApp(Library.java:45)] - to launch chrome driver
2020-04-08 10:48:10.882 INFO [main] [com.stepdefinition.CrosswordDefinition_Books] [launchApp] [com.baseclass.Library.launchApp(Library.java:53)] - to maximize the window
2020-04-08 10:51:12.132 INFO [main] [com.stepdefinition.CrosswordDefinition_Books] [launchApp] [com.baseclass.Library.launchApp(Library.java:33)] - Path copied from configuration property file
2020-04-08 10:51:17.729 INFO [main] [com.stepdefinition.CrosswordDefinition_Books] [launchApp] [com.baseclass.Library.launchApp(Library.java:45)] - to launch chrome driver
2020-04-08 10:51:28.406 INFO [main] [com.stepdefinition.CrosswordDefinition_Books] [launchApp] [com.baseclass.Library.launchApp(Library.java:53)] - to maximize the window
2020-04-08 10:53:09.488 INFO [main] [com.stepdefinition.CrosswordDefinition_Books] [launchApp] [com.baseclass.Library.launchApp(Library.java:33)] - Path copied from configuration property file
2020-04-08 10:53:15.020 INFO [main] [com.stepdefinition.CrosswordDefinition_Books] [launchApp] [com.baseclass.Library.launchApp(Library.java:45)] - to launch chrome driver
2020-04-08 10:53:28.977 INFO [main] [com.stepdefinition.CrosswordDefinition_Books] [launchApp] [com.baseclass.Library.launchApp(Library.java:53)] - to maximize the window
2020-04-08 10:53:56.944 INFO [main] [com.stepdefinition.CrosswordDefinition_Books] [launchApp] [com.baseclass.Library.launchApp(Library.java:33)] - Path copied from configuration property file
2020-04-08 10:54:02.464 INFO [main] [com.stepdefinition.CrosswordDefinition_Books] [launchApp] [com.baseclass.Library.launchApp(Library.java:45)] - to launch chrome driver
2020-04-08 10:54:07.769 INFO [main] [com.stepdefinition.CrosswordDefinition_Books] [launchApp] [com.baseclass.Library.launchApp(Library.java:53)] - to maximize the window
2020-04-08 11:27:24.098 INFO [main] [com.stepdefinition.CrosswordDefinition_Books] [launchApp] [com.baseclass.Library.launchApp(Library.java:33)] - Path copied from configuration property file
2020-04-08 11:27:29.518 INFO [main] [com.stepdefinition.CrosswordDefinition_Books] [launchApp] [com.baseclass.Library.launchApp(Library.java:45)] - to launch chrome driver
2020-04-08 11:27:37.077 INFO [main] [com.stepdefinition.CrosswordDefinition_Books] [launchApp] [com.baseclass.Library.launchApp(Library.java:53)] - to maximize the window
2020-04-08 11:27:37.078 INFO [main] [com.stepdefinition.CrosswordDefinition_Login] [the_Crossword_page_is_opened] [com.stepdefinition.CrosswordDefinition_Login.the_Crossword_page_is_opened(CrosswordDefinition_Login.java:25)] - browser launched sucessfully
2020-04-08 11:27:41.815 INFO [main] [com.stepdefinition.CrosswordDefinition_Login] [login_page_is_opened] [com.stepdefinition.CrosswordDefinition_Login.login_page_is_opened(CrosswordDefinition_Login.java:34)] - Clicked on login icon
2020-04-08 11:27:44.061 INFO [main] [com.stepdefinition.CrosswordDefinition_Login] [the_and_details_are_given] [com.stepdefinition.CrosswordDefinition_Login.the_and_details_are_given(CrosswordDefinition_Login.java:44)] - Details are given and cliked login
2020-04-08 11:27:47.267 INFO [main] [com.stepdefinition.CrosswordDefinition_Login] [close_browser_and_quit] [com.stepdefinition.CrosswordDefinition_Login.close_browser_and_quit(CrosswordDefinition_Login.java:54)] - Screenshot taken sucessfully
2020-04-08 11:27:48.105 INFO [main] [com.stepdefinition.CrosswordDefinition_Login] [close_browser_and_quit] [com.stepdefinition.CrosswordDefinition_Login.close_browser_and_quit(CrosswordDefinition_Login.java:56)] - Driver quit sucessfully
2020-04-08 11:27:48.121 INFO [main] [com.stepdefinition.CrosswordDefinition_Books] [launchApp] [com.baseclass.Library.launchApp(Library.java:33)] - Path copied from configuration property file
2020-04-08 11:27:50.880 INFO [main] [com.stepdefinition.CrosswordDefinition_Books] [launchApp] [com.baseclass.Library.launchApp(Library.java:45)] - to launch chrome driver
2020-04-08 11:27:56.266 INFO [main] [com.stepdefinition.CrosswordDefinition_Books] [launchApp] [com.baseclass.Library.launchApp(Library.java:53)] - to maximize the window
2020-04-08 11:27:56.267 INFO [main] [com.stepdefinition.CrosswordDefinition_Login] [the_Crossword_page_is_opened] [com.stepdefinition.CrosswordDefinition_Login.the_Crossword_page_is_opened(CrosswordDefinition_Login.java:25)] - browser launched sucessfully
2020-04-08 11:27:57.669 INFO [main] [com.stepdefinition.CrosswordDefinition_Login] [login_page_is_opened] [com.stepdefinition.CrosswordDefinition_Login.login_page_is_opened(CrosswordDefinition_Login.java:34)] - Clicked on login icon
2020-04-08 11:27:58.406 INFO [main] [com.stepdefinition.CrosswordDefinition_Login] [the_and_details_are_given] [com.stepdefinition.CrosswordDefinition_Login.the_and_details_are_given(CrosswordDefinition_Login.java:44)] - Details are given and cliked login
2020-04-08 11:27:59.021 INFO [main] [com.stepdefinition.CrosswordDefinition_Login] [close_browser_and_quit] [com.stepdefinition.CrosswordDefinition_Login.close_browser_and_quit(CrosswordDefinition_Login.java:54)] - Screenshot taken sucessfully
2020-04-08 11:27:59.958 INFO [main] [com.stepdefinition.CrosswordDefinition_Login] [close_browser_and_quit] [com.stepdefinition.CrosswordDefinition_Login.close_browser_and_quit(CrosswordDefinition_Login.java:56)] - Driver quit sucessfully
2020-04-08 11:27:59.974 INFO [main] [com.stepdefinition.CrosswordDefinition_Books] [launchApp] [com.baseclass.Library.launchApp(Library.java:33)] - Path copied from configuration property file
2020-04-08 11:28:02.418 INFO [main] [com.stepdefinition.CrosswordDefinition_Books] [launchApp] [com.baseclass.Library.launchApp(Library.java:45)] - to launch chrome driver
2020-04-08 11:28:11.780 INFO [main] [com.stepdefinition.CrosswordDefinition_Books] [launchApp] [com.baseclass.Library.launchApp(Library.java:53)] - to maximize the window
2020-04-08 11:28:11.782 INFO [main] [com.stepdefinition.CrosswordDefinition_customercare] [the_crossword_webpage_is_opened] [com.stepdefinition.CrosswordDefinition_customercare.the_crossword_webpage_is_opened(CrosswordDefinition_customercare.java:25)] - Browser launched sucessfully
2020-04-08 11:28:15.101 INFO [main] [com.stepdefinition.CrosswordDefinition_customercare] [customercare_icon_is_and_opened] [com.stepdefinition.CrosswordDefinition_customercare.customercare_icon_is_and_opened(CrosswordDefinition_customercare.java:35)] - Customer icon is clicked and selected proceed
2020-04-08 11:28:16.723 INFO [main] [com.stepdefinition.CrosswordDefinition_customercare] [customer_query_details_are_given] [com.stepdefinition.CrosswordDefinition_customercare.customer_query_details_are_given(CrosswordDefinition_customercare.java:47)] - query details are given
2020-04-08 11:28:17.251 INFO [main] [com.stepdefinition.CrosswordDefinition_customercare] [browser_is_closed_and_quit] [com.stepdefinition.CrosswordDefinition_customercare.browser_is_closed_and_quit(CrosswordDefinition_customercare.java:56)] - screenshot taken sucessfully
2020-04-08 11:28:18.258 INFO [main] [com.stepdefinition.CrosswordDefinition_customercare] [browser_is_closed_and_quit] [com.stepdefinition.CrosswordDefinition_customercare.browser_is_closed_and_quit(CrosswordDefinition_customercare.java:58)] - browser quit sucessfully
2020-04-08 11:28:18.276 INFO [main] [com.stepdefinition.CrosswordDefinition_Books] [launchApp] [com.baseclass.Library.launchApp(Library.java:33)] - Path copied from configuration property file
2020-04-08 11:28:20.947 INFO [main] [com.stepdefinition.CrosswordDefinition_Books] [launchApp] [com.baseclass.Library.launchApp(Library.java:45)] - to launch chrome driver
2020-04-08 11:28:30.155 INFO [main] [com.stepdefinition.CrosswordDefinition_Books] [launchApp] [com.baseclass.Library.launchApp(Library.java:53)] - to maximize the window
2020-04-08 11:28:30.156 INFO [main] [com.stepdefinition.CrosswordDefinition_Myaccount] [the_crosswrd_page_is_launched] [com.stepdefinition.CrosswordDefinition_Myaccount.the_crosswrd_page_is_launched(CrosswordDefinition_Myaccount.java:27)] - Browser launched sucessfully
2020-04-08 11:28:34.424 INFO [main] [com.stepdefinition.CrosswordDefinition_Myaccount] [clicked_on_Myaccount] [com.stepdefinition.CrosswordDefinition_Myaccount.clicked_on_Myaccount(CrosswordDefinition_Myaccount.java:35)] - Myaccount icon is selected
2020-04-08 11:28:34.600 INFO [main] [com.stepdefinition.CrosswordDefinition_Books] [user_Name] [com.excelutility.Excelutility.user_Name(Excelutility.java:21)] - To give the excel address
2020-04-08 11:29:00.073 INFO [main] [com.stepdefinition.CrosswordDefinition_Books] [user_Name] [com.excelutility.Excelutility.user_Name(Excelutility.java:23)] - to get the excel file from the workbook
2020-04-08 11:29:00.126 INFO [main] [com.stepdefinition.CrosswordDefinition_Books] [user_Name] [com.excelutility.Excelutility.user_Name(Excelutility.java:25)] - to get data from the sheet1
2020-04-08 11:29:00.126 INFO [main] [com.stepdefinition.CrosswordDefinition_Books] [user_Name] [com.excelutility.Excelutility.user_Name(Excelutility.java:31)] - Getting data from cell 0
2020-04-08 11:29:00.173 INFO [main] [com.stepdefinition.CrosswordDefinition_Books] [user_Name] [com.excelutility.Excelutility.user_Name(Excelutility.java:33)] - to get value form the cell and stored in un
2020-04-08 11:29:00.690 INFO [main] [com.stepdefinition.CrosswordDefinition_Books] [user_Emailid] [com.excelutility.Excelutility.user_Emailid(Excelutility.java:40)] - To give the excel address
2020-04-08 11:29:00.773 INFO [main] [com.stepdefinition.CrosswordDefinition_Books] [user_Emailid] [com.excelutility.Excelutility.user_Emailid(Excelutility.java:42)] - to get the excel file from the workbook
2020-04-08 11:29:00.773 INFO [main] [com.stepdefinition.CrosswordDefinition_Books] [user_Emailid] [com.excelutility.Excelutility.user_Emailid(Excelutility.java:44)] - to get data from the sheet1
2020-04-08 11:29:00.773 INFO [main] [com.stepdefinition.CrosswordDefinition_Books] [user_Emailid] [com.excelutility.Excelutility.user_Emailid(Excelutility.java:50)] - Getting data from cell 1
2020-04-08 11:29:00.773 INFO [main] [com.stepdefinition.CrosswordDefinition_Books] [user_Emailid] [com.excelutility.Excelutility.user_Emailid(Excelutility.java:52)] - to get value form the cell and stored in mail
2020-04-08 11:29:01.086 INFO [main] [com.stepdefinition.CrosswordDefinition_Books] [user_Password] [com.excelutility.Excelutility.user_Password(Excelutility.java:59)] - To give the excel address
2020-04-08 11:29:01.160 INFO [main] [com.stepdefinition.CrosswordDefinition_Books] [user_Password] [com.excelutility.Excelutility.user_Password(Excelutility.java:61)] - to get the excel file from the workbook
2020-04-08 11:29:01.160 INFO [main] [com.stepdefinition.CrosswordDefinition_Books] [user_Password] [com.excelutility.Excelutility.user_Password(Excelutility.java:63)] - to get data from the sheet1
2020-04-08 11:29:01.160 INFO [main] [com.stepdefinition.CrosswordDefinition_Books] [user_Password] [com.excelutility.Excelutility.user_Password(Excelutility.java:69)] - to get data from the sheet1
2020-04-08 11:29:01.160 INFO [main] [com.stepdefinition.CrosswordDefinition_Books] [user_Password] [com.excelutility.Excelutility.user_Password(Excelutility.java:71)] - to get value form the cell and stored in pwd
2020-04-08 11:29:01.445 INFO [main] [com.stepdefinition.CrosswordDefinition_Books] [user_Confirmpassword] [com.excelutility.Excelutility.user_Confirmpassword(Excelutility.java:77)] - To give the excel address
2020-04-08 11:29:01.508 INFO [main] [com.stepdefinition.CrosswordDefinition_Books] [user_Confirmpassword] [com.excelutility.Excelutility.user_Confirmpassword(Excelutility.java:79)] - to get the excel file from the workbook
2020-04-08 11:29:01.508 INFO [main] [com.stepdefinition.CrosswordDefinition_Books] [user_Confirmpassword] [com.excelutility.Excelutility.user_Confirmpassword(Excelutility.java:81)] - to get data from the sheet1
2020-04-08 11:29:01.508 INFO [main] [com.stepdefinition.CrosswordDefinition_Books] [user_Confirmpassword] [com.excelutility.Excelutility.user_Confirmpassword(Excelutility.java:87)] - Getting data from cell 3
2020-04-08 11:29:01.508 INFO [main] [com.stepdefinition.CrosswordDefinition_Books] [user_Confirmpassword] [com.excelutility.Excelutility.user_Confirmpassword(Excelutility.java:89)] - to get value form the cell and stored in confirmpassword
2020-04-08 11:29:01.764 INFO [main] [com.stepdefinition.CrosswordDefinition_Books] [user_Birthdetails] [com.excelutility.Excelutility.user_Birthdetails(Excelutility.java:95)] - To give the excel address
2020-04-08 11:29:01.826 INFO [main] [com.stepdefinition.CrosswordDefinition_Books] [user_Birthdetails] [com.excelutility.Excelutility.user_Birthdetails(Excelutility.java:97)] - to get the excel file from the workbook
2020-04-08 11:29:01.826 INFO [main] [com.stepdefinition.CrosswordDefinition_Books] [user_Birthdetails] [com.excelutility.Excelutility.user_Birthdetails(Excelutility.java:99)] - to get data from the sheet1
2020-04-08 11:29:01.826 INFO [main] [com.stepdefinition.CrosswordDefinition_Books] [user_Birthdetails] [com.excelutility.Excelutility.user_Birthdetails(Excelutility.java:105)] - Getting data from cell 4
2020-04-08 11:29:01.826 INFO [main] [com.stepdefinition.CrosswordDefinition_Books] [user_Birthdetails] [com.excelutility.Excelutility.user_Birthdetails(Excelutility.java:107)] - to get value form the cell and stored in DOB
2020-04-08 11:29:02.633 INFO [main] [com.stepdefinition.CrosswordDefinition_Myaccount] [given_the_required_details] [com.stepdefinition.CrosswordDefinition_Myaccount.given_the_required_details(CrosswordDefinition_Myaccount.java:54)] - Details for account creation are given
2020-04-08 11:29:03.287 INFO [main] [com.stepdefinition.CrosswordDefinition_Myaccount] [browser_is_closed] [com.stepdefinition.CrosswordDefinition_Myaccount.browser_is_closed(CrosswordDefinition_Myaccount.java:64)] - Screenshot took sucessfully
2020-04-08 11:29:04.082 INFO [main] [com.stepdefinition.CrosswordDefinition_Myaccount] [browser_is_closed] [com.stepdefinition.CrosswordDefinition_Myaccount.browser_is_closed(CrosswordDefinition_Myaccount.java:66)] - Browser quit sucessfully
2020-04-08 11:29:04.085 INFO [main] [com.stepdefinition.CrosswordDefinition_Books] [launchApp] [com.baseclass.Library.launchApp(Library.java:33)] - Path copied from configuration property file
2020-04-08 11:29:06.872 INFO [main] [com.stepdefinition.CrosswordDefinition_Books] [launchApp] [com.baseclass.Library.launchApp(Library.java:45)] - to launch chrome driver
2020-04-08 11:29:12.363 INFO [main] [com.stepdefinition.CrosswordDefinition_Books] [launchApp] [com.baseclass.Library.launchApp(Library.java:53)] - to maximize the window
2020-04-08 11:29:12.365 INFO [main] [com.stepdefinition.CrosswordDefinition_Books] [the_crosword_page_is_launched_and_opened] [com.stepdefinition.CrosswordDefinition_Books.the_crosword_page_is_launched_and_opened(CrosswordDefinition_Books.java:25)] - Browser launched
2020-04-08 11:29:14.552 INFO [main] [com.stepdefinition.CrosswordDefinition_Books] [books_option_is_selected] [com.stepdefinition.CrosswordDefinition_Books.books_option_is_selected(CrosswordDefinition_Books.java:34)] - clicked on Books icon
2020-04-08 11:29:26.368 INFO [main] [com.stepdefinition.CrosswordDefinition_Books] [desired_Book_is_selected_and_detail_is_given] [com.stepdefinition.CrosswordDefinition_Books.desired_Book_is_selected_and_detail_is_given(CrosswordDefinition_Books.java:44)] - desired book is selected and clicked on show full details
2020-04-08 11:29:27.986 INFO [main] [com.stepdefinition.CrosswordDefinition_Books] [browser_is_quit] [com.stepdefinition.CrosswordDefinition_Books.browser_is_quit(CrosswordDefinition_Books.java:54)] - Screenshot taken sucessfully
2020-04-08 11:29:29.161 INFO [main] [com.stepdefinition.CrosswordDefinition_Books] [browser_is_quit] [com.stepdefinition.CrosswordDefinition_Books.browser_is_quit(CrosswordDefinition_Books.java:56)] - Browser quit sucessfully
2020-04-08 11:29:29.164 INFO [main] [com.stepdefinition.CrosswordDefinition_Books] [launchApp] [com.baseclass.Library.launchApp(Library.java:33)] - Path copied from configuration property file
2020-04-08 11:29:33.419 INFO [main] [com.stepdefinition.CrosswordDefinition_Books] [launchApp] [com.baseclass.Library.launchApp(Library.java:45)] - to launch chrome driver
2020-04-08 11:29:55.415 INFO [main] [com.stepdefinition.CrosswordDefinition_Books] [launchApp] [com.baseclass.Library.launchApp(Library.java:53)] - to maximize the window
2020-04-08 11:29:55.417 INFO [main] [com.stepdefinition.CrosswordDefinition_Electronics] [the_crossword_website_is_launched_and_opened] [com.stepdefinition.CrosswordDefinition_Electronics.the_crossword_website_is_launched_and_opened(CrosswordDefinition_Electronics.java:28)] - crossword website launched
2020-04-08 11:29:58.522 INFO [main] [com.stepdefinition.CrosswordDefinition_Electronics] [item_is_searched_and_selected] [com.stepdefinition.CrosswordDefinition_Electronics.item_is_searched_and_selected(CrosswordDefinition_Electronics.java:36)] - Directed to prescribed location for selecting an item
2020-04-08 11:29:59.023 INFO [main] [com.stepdefinition.CrosswordDefinition_Electronics] [close_the_browser] [com.stepdefinition.CrosswordDefinition_Electronics.close_the_browser(CrosswordDefinition_Electronics.java:44)] - Screenshot taken sucessfully
2020-04-08 11:30:00.163 INFO [main] [com.stepdefinition.CrosswordDefinition_Electronics] [close_the_browser] [com.stepdefinition.CrosswordDefinition_Electronics.close_the_browser(CrosswordDefinition_Electronics.java:46)] - Browser quit sucessfully
2020-04-08 15:39:29.324 INFO [main] [com.stepdefinition.CrosswordDefinition_Books] [launchApp] [com.baseclass.Library.launchApp(Library.java:33)] - Path copied from configuration property file
2020-04-08 15:39:38.863 INFO [main] [com.stepdefinition.CrosswordDefinition_Books] [launchApp] [com.baseclass.Library.launchApp(Library.java:45)] - to launch chrome driver
2020-04-08 15:40:11.158 INFO [main] [com.stepdefinition.CrosswordDefinition_Books] [launchApp] [com.baseclass.Library.launchApp(Library.java:53)] - to maximize the window
2020-04-08 15:40:11.159 INFO [main] [com.stepdefinition.CrosswordDefinition_Electronics] [the_crossword_website_is_launched_and_opened] [com.stepdefinition.CrosswordDefinition_Electronics.the_crossword_website_is_launched_and_opened(CrosswordDefinition_Electronics.java:28)] - crossword website launched
